<?xml version="1.0" encoding="UTF-8"?>
<!-- Generated by org.testng.reporters.JUnitReportReporter -->
<testsuite hostname="HW0990" name="com.pamperedchef.scripts.HostCartSessionVerification" tests="1" failures="0" timestamp="18 Sep 2015 08:28:48 GMT" time="71.089" errors="0">
  <testcase name="HostCartSessionVerfication" time="71.089" classname="com.pamperedchef.scripts.HostCartSessionVerification"/>
</testsuite> <!-- com.pamperedchef.scripts.HostCartSessionVerification -->
