<?xml version="1.0" encoding="UTF-8"?>
<!-- Generated by org.testng.reporters.JUnitReportReporter -->
<testsuite hostname="HW1386" name="com.pamperedchef.scripts.VerifyFoodTax" tests="14" failures="0" timestamp="7 Sep 2015 09:59:11 GMT" time="2230.065" errors="0">
  <testcase name="validateTaxOnFood" time="55.518" classname="com.pamperedchef.scripts.VerifyFoodTax"/>
  <testcase name="validateTaxOnFood" time="334.216" classname="com.pamperedchef.scripts.VerifyFoodTax"/>
  <testcase name="validateTaxOnFood" time="185.577" classname="com.pamperedchef.scripts.VerifyFoodTax"/>
  <testcase name="validateTaxOnFood" time="186.326" classname="com.pamperedchef.scripts.VerifyFoodTax"/>
  <testcase name="validateTaxOnFood" time="194.133" classname="com.pamperedchef.scripts.VerifyFoodTax"/>
  <testcase name="validateTaxOnFood" time="190.332" classname="com.pamperedchef.scripts.VerifyFoodTax"/>
  <testcase name="validateTaxOnFood" time="300.399" classname="com.pamperedchef.scripts.VerifyFoodTax"/>
  <testcase name="validateTaxOnFood" time="70.792" classname="com.pamperedchef.scripts.VerifyFoodTax"/>
  <testcase name="validateTaxOnFood" time="191.816" classname="com.pamperedchef.scripts.VerifyFoodTax"/>
  <testcase name="validateTaxOnFood" time="97.231" classname="com.pamperedchef.scripts.VerifyFoodTax"/>
  <testcase name="validateTaxOnFood" time="70.675" classname="com.pamperedchef.scripts.VerifyFoodTax"/>
  <testcase name="validateTaxOnFood" time="76.283" classname="com.pamperedchef.scripts.VerifyFoodTax"/>
  <testcase name="validateTaxOnFood" time="87.893" classname="com.pamperedchef.scripts.VerifyFoodTax"/>
  <testcase name="validateTaxOnFood" time="188.874" classname="com.pamperedchef.scripts.VerifyFoodTax"/>
</testsuite> <!-- com.pamperedchef.scripts.VerifyFoodTax -->
