<?xml version="1.0" encoding="UTF-8"?>
<!-- Generated by org.testng.reporters.JUnitReportReporter -->
<testsuite hostname="HW1562" name="com.Idexx.scripts.ReportsScript" tests="4" failures="0" timestamp="10 Dec 2015 09:47:53 GMT" time="155.073" errors="0">
  <testcase name="IndustryLeradersReportsinRpt" time="34.922" classname="com.Idexx.scripts.ReportsScript"/>
  <testcase name="IndustryLeradersReportsinRpt" time="41.487" classname="com.Idexx.scripts.ReportsScript"/>
  <testcase name="exportprogramrosterinRpt" time="37.195" classname="com.Idexx.scripts.ReportsScript"/>
  <testcase name="exportprogramrosterinRpt" time="41.469" classname="com.Idexx.scripts.ReportsScript"/>
</testsuite> <!-- com.Idexxpts.ReportsScript -->
