<?xml version="1.0" encoding="UTF-8"?>
<!-- Generated by org.testng.reporters.JUnitReportReporter -->
<testsuite hostname="HW1386" name="com.appium.project.scripts.TestTaylorMade" tests="1" failures="0" timestamp="2 Sep 2015 13:35:00 GMT" time="2.016" errors="0">
  <testcase name="verifyPageTitle" time="2.016" classname="com.appium.project.scripts.TestTaylorMade"/>
</testsuite> <!-- com.appium.project.scripts.TestTaylorMade -->
