<?xml version="1.0" encoding="UTF-8"?>
<!-- Generated by org.testng.reporters.JUnitReportReporter -->
<testsuite hostname="VBEHL-W7" name="com.Idexx.scripts.Contacts" tests="4" failures="0" timestamp="17 May 2017 13:26:14 GMT" time="1219.008" errors="0">
  <testcase name="TestCreateUser" time="158.928" classname="com.Idexx.scripts.Contacts"/>
  <testcase name="TestCreateUser" time="484.161" classname="com.Idexx.scripts.Contacts"/>
  <testcase name="TestCreateUser" time="181.158" classname="com.Idexx.scripts.Contacts"/>
  <testcase name="TestCreateUser" time="394.761" classname="com.Idexx.scripts.Contacts"/>
</testsuite> <!-- com.Idexxpts.Contacts -->
