<?xml version="1.0" encoding="UTF-8"?>
<!-- Generated by org.testng.reporters.JUnitReportReporter -->
<testsuite hostname="WIN-PBVU1D92USF" name="com.Idexx.scripts.Case" tests="10" failures="0" timestamp="22 Feb 2016 12:12:56 GMT" time="1988.111" errors="0">
  <testcase name="CreateCaseFromOpportunity" time="74.436" classname="com.Idexx.scripts.Case"/>
  <testcase name="CreateCaseFromAccounts" time="297.211" classname="com.Idexx.scripts.Case"/>
  <testcase name="CreateCaseFromAccounts" time="74.529" classname="com.Idexx.scripts.Case"/>
  <testcase name="CreateCaseFromContact" time="218.357" classname="com.Idexx.scripts.Case"/>
  <testcase name="TransferCase" time="292.214" classname="com.Idexx.scripts.Case"/>
  <testcase name="CreateCaseFromOpportunity" time="74.680" classname="com.Idexx.scripts.Case"/>
  <testcase name="CreateCaseFromOpportunity" time="74.262" classname="com.Idexx.scripts.Case"/>
  <testcase name="CreateCaseFromOpportunity" time="267.088" classname="com.Idexx.scripts.Case"/>
  <testcase name="TransferCase" time="288.261" classname="com.Idexx.scripts.Case"/>
  <testcase name="CaseEscalationRules" time="327.073" classname="com.Idexx.scripts.Case"/>
</testsuite> <!-- com.Idexxpts.Case -->
