<?xml version="1.0" encoding="UTF-8"?>
<!-- Generated by org.testng.reporters.JUnitReportReporter -->
<testsuite hostname="WIN-PBVU1D92USF" name="com.Idexx.scripts.OpportunityPageScript" tests="3" failures="0" timestamp="11 Jan 2016 07:16:07 GMT" time="487.580" errors="0">
  <testcase name="TestCreateNegativeWinBackOpportunityWorkflow" time="166.799" classname="com.Idexx.scripts.OpportunityPageScript"/>
  <testcase name="TestCreateLPDOpportunity" time="153.579" classname="com.Idexx.scripts.OpportunityPageScript"/>
  <testcase name="TestCreateNegativeWinBackOpportunity" time="167.202" classname="com.Idexx.scripts.OpportunityPageScript"/>
</testsuite> <!-- com.Idexxpts.OpportunityPageScript -->
