<?xml version="1.0" encoding="UTF-8"?>
<!-- Generated by org.testng.reporters.JUnitReportReporter -->
<testsuite hostname="HW1937" name="com.appium.project.scripts.API_SoapUI_Scripts" tests="1" failures="0" timestamp="14 Aug 2015 14:53:58 GMT" time="12.689" errors="0">
  <testcase name="launchProject" time="12.689" classname="com.appium.project.scripts.API_SoapUI_Scripts"/>
</testsuite> <!-- com.appium.project.scripts.API_SoapUI_Scripts -->
