<?xml version="1.0" encoding="UTF-8"?>
<!-- Generated by org.testng.reporters.JUnitReportReporter -->
<testsuite hostname="HW0990" name="com.pamperedchef.scripts.AddToYourOrderVerification_Mobile" tests="1" failures="0" timestamp="15 Sep 2015 15:00:15 GMT" time="87.659" errors="0">
  <testcase name="addToYourOrderVerfication" time="87.659" classname="com.pamperedchef.scripts.AddToYourOrderVerification_Mobile"/>
</testsuite> <!-- com.pamperedchef.scripts.AddToYourOrderVerification_Mobile -->
