<?xml version="1.0" encoding="UTF-8"?>
<!-- Generated by org.testng.reporters.JUnitReportReporter -->
<testsuite hostname="HW1562" name="com.Idexx.scripts.Campaign" tests="36" failures="0" timestamp="10 Dec 2015 09:47:53 GMT" time="1207.523" errors="0">
  <testcase name="creatingNewCampaigninCampaign" time="48.663" classname="com.Idexx.scripts.Campaign"/>
  <testcase name="verifyErrorMessageinCampaign" time="36.942" classname="com.Idexx.scripts.Campaign"/>
  <testcase name="verifyingCurrentPartnersinCampaign" time="33.031" classname="com.Idexx.scripts.Campaign"/>
  <testcase name="NotAbleToCreateRecordinCampaign" time="35.830" classname="com.Idexx.scripts.Campaign"/>
  <testcase name="verifyCloningofCampaignsinCampaign" time="38.541" classname="com.Idexx.scripts.Campaign"/>
  <testcase name="selectMailCampaignTypeinCampaign" time="28.462" classname="com.Idexx.scripts.Campaign"/>
  <testcase name="selectSocialMediaCampaignTypeinCampaign" time="28.474" classname="com.Idexx.scripts.Campaign"/>
  <testcase name="selectReferralProgramCampaignTypeinCampaign" time="31.412" classname="com.Idexx.scripts.Campaign"/>
  <testcase name="selectPartnersCampaignTypeinCampaign" time="28.470" classname="com.Idexx.scripts.Campaign"/>
  <testcase name="selectCampaignTypeinCampaign" time="32.450" classname="com.Idexx.scripts.Campaign"/>
  <testcase name="selectConferenceProgramCampaignTypeinCampaign" time="28.590" classname="com.Idexx.scripts.Campaign"/>
  <testcase name="verifyErrorMessageinCampaign" time="32.239" classname="com.Idexx.scripts.Campaign"/>
  <testcase name="CreateaMailinCampaign" time="23.701" classname="com.Idexx.scripts.Campaign"/>
  <testcase name="verifyCloningofCampaignsinCampaign" time="43.319" classname="com.Idexx.scripts.Campaign"/>
  <testcase name="selectWebinarCampaignTypeinCampaign" time="28.598" classname="com.Idexx.scripts.Campaign"/>
  <testcase name="viewRecordsInLeadsPageinCampaign" time="41.104" classname="com.Idexx.scripts.Campaign"/>
  <testcase name="selectMailCampaignTypeinCampaign" time="32.289" classname="com.Idexx.scripts.Campaign"/>
  <testcase name="selectPartnersCampaignTypeinCampaign" time="31.455" classname="com.Idexx.scripts.Campaign"/>
  <testcase name="selectSocialMediaCampaignTypeinCampaign" time="31.384" classname="com.Idexx.scripts.Campaign"/>
  <testcase name="creatingNewCampaigninCampaign" time="45.210" classname="com.Idexx.scripts.Campaign"/>
  <testcase name="selectReferralProgramCampaignTypeinCampaign" time="28.708" classname="com.Idexx.scripts.Campaign"/>
  <testcase name="creatingNewCampaign_SaveAndNewinCampaign" time="48.341" classname="com.Idexx.scripts.Campaign"/>
  <testcase name="selectWebinarCampaignTypeinCampaign" time="32.267" classname="com.Idexx.scripts.Campaign"/>
  <testcase name="selectOtherCampaignTypeinCampaign" time="28.428" classname="com.Idexx.scripts.Campaign"/>
  <testcase name="NotAbleToCreateRecordinCampaign" time="30.129" classname="com.Idexx.scripts.Campaign"/>
  <testcase name="creatingNewCampaign_SaveAndNewinCampaign" time="42.301" classname="com.Idexx.scripts.Campaign"/>
  <testcase name="selectPRCampaignTypeinCampaign" time="28.385" classname="com.Idexx.scripts.Campaign"/>
  <testcase name="selectPRCampaignTypeinCampaign" time="32.645" classname="com.Idexx.scripts.Campaign"/>
  <testcase name="verifyingCurrentPartnersinCampaign" time="38.473" classname="com.Idexx.scripts.Campaign"/>
  <testcase name="selectOtherCampaignTypeinCampaign" time="37.175" classname="com.Idexx.scripts.Campaign"/>
  <testcase name="viewRecordsInLeadsPageinCampaign" time="29.032" classname="com.Idexx.scripts.Campaign"/>
  <testcase name="CreateaMailinCampaign" time="29.748" classname="com.Idexx.scripts.Campaign"/>
  <testcase name="selectSignupCampaignTypeinCampaign" time="28.697" classname="com.Idexx.scripts.Campaign"/>
  <testcase name="selectConferenceProgramCampaignTypeinCampaign" time="31.998" classname="com.Idexx.scripts.Campaign"/>
  <testcase name="selectCampaignTypeinCampaign" time="28.408" classname="com.Idexx.scripts.Campaign"/>
  <testcase name="selectSignupCampaignTypeinCampaign" time="32.624" classname="com.Idexx.scripts.Campaign"/>
</testsuite> <!-- com.Idexxpts.Campaign -->
