<?xml version="1.0" encoding="UTF-8"?>
<!-- Generated by org.testng.reporters.JUnitReportReporter -->
<testsuite hostname="WIN-PBVU1D92USF" name="com.Idexx.scripts.Accounts" tests="8" failures="0" timestamp="22 Feb 2016 12:12:56 GMT" time="1293.386" errors="0">
  <testcase name="TestViewHierarchy" time="82.184" classname="com.Idexx.scripts.Accounts"/>
  <testcase name="Test360viewofaccount" time="82.233" classname="com.Idexx.scripts.Accounts"/>
  <testcase name="TestViewExistingAccount" time="86.450" classname="com.Idexx.scripts.Accounts"/>
  <testcase name="TestViewAndEditMyAccounts" time="157.293" classname="com.Idexx.scripts.Accounts"/>
  <testcase name="TestCreateContactForAnAccount" time="287.633" classname="com.Idexx.scripts.Accounts"/>
  <testcase name="TestViewCompetitorProducts" time="82.122" classname="com.Idexx.scripts.Accounts"/>
  <testcase name="TestCreateNewAccount" time="250.700" classname="com.Idexx.scripts.Accounts"/>
  <testcase name="TestCreateNewReport" time="264.771" classname="com.Idexx.scripts.Accounts"/>
</testsuite> <!-- com.Idexxpts.Accounts -->
