<?xml version="1.0" encoding="UTF-8"?>
<!-- Generated by org.testng.reporters.JUnitReportReporter -->
<testsuite hostname="HW0990" name="com.pamperedchef.scripts.AddToYourOrderVerification" tests="1" failures="0" timestamp="15 Sep 2015 11:24:06 GMT" time="97.195" errors="0">
  <testcase name="addToYourOrderVerfication" time="97.195" classname="com.pamperedchef.scripts.AddToYourOrderVerification"/>
</testsuite> <!-- com.pamperedchef.scripts.AddToYourOrderVerification -->
