<?xml version="1.0" encoding="UTF-8"?>
<!-- Generated by org.testng.reporters.JUnitReportReporter -->
<testsuite hostname="HW1386" name="com.appium.project.scripts.VerifyFoodTax" tests="1" failures="0" timestamp="3 Sep 2015 07:43:09 GMT" time="107.101" errors="0">
  <testcase name="validateTaxOnFood" time="107.101" classname="com.appium.project.scripts.VerifyFoodTax"/>
</testsuite> <!-- com.appium.project.scripts.VerifyFoodTax -->
