<?xml version="1.0" encoding="UTF-8"?>
<!-- Generated by org.testng.reporters.JUnitReportReporter -->
<testsuite hostname="HW1386" name="com.appium.project.scripts.VerifyFoodTax_Mobile" tests="1" failures="0" timestamp="2 Sep 2015 14:14:30 GMT" time="6.046" errors="0">
  <testcase name="validateTaxOnFood" time="6.046" classname="com.appium.project.scripts.VerifyFoodTax_Mobile"/>
</testsuite> <!-- com.appium.project.scripts.VerifyFoodTax_Mobile -->
