<?xml version="1.0" encoding="UTF-8"?>
<!-- Generated by org.testng.reporters.JUnitReportReporter -->
<testsuite hostname="HW1386" name="com.appium.project.scripts.AddproducttoBasket" tests="1" failures="0" timestamp="3 Sep 2015 13:41:59 GMT" time="60.960" errors="0">
  <testcase name="Add_Product_To_Basket" time="60.960" classname="com.appium.project.scripts.AddproducttoBasket"/>
</testsuite> <!-- com.appium.project.scripts.AddproducttoBasket -->
