<?xml version="1.0" encoding="UTF-8"?>
<!-- Generated by org.testng.reporters.JUnitReportReporter -->
<testsuite hostname="WIN-PBVU1D92USF" name="com.Idexx.scripts.Opportunity" tests="4" failures="0" timestamp="22 Feb 2016 12:12:56 GMT" time="948.553" errors="0">
  <testcase name="TestCreateLPDOpportunity" time="268.414" classname="com.Idexx.scripts.Opportunity"/>
  <testcase name="TestCreateNegativeWinBackOpportunity" time="206.179" classname="com.Idexx.scripts.Opportunity"/>
  <testcase name="TestCreateTenderOpportunity" time="200.309" classname="com.Idexx.scripts.Opportunity"/>
  <testcase name="TestCreateNegativeWinBackOpportunityWorkflow" time="273.651" classname="com.Idexx.scripts.Opportunity"/>
</testsuite> <!-- com.Idexxpts.Opportunity -->
