<?xml version="1.0" encoding="UTF-8"?>
<!-- Generated by org.testng.reporters.JUnitReportReporter -->
<testsuite hostname="HW1386" name="com.pamperedchef.scripts.VerifyShiptoDropdown" tests="14" failures="0" timestamp="9 Sep 2015 15:18:45 GMT" time="4889.534" errors="0">
  <testcase name="VerifyShiptoDropdownValues" time="285.665" classname="com.pamperedchef.scripts.VerifyShiptoDropdown"/>
  <testcase name="VerifyShiptoDropdownValues" time="559.963" classname="com.pamperedchef.scripts.VerifyShiptoDropdown"/>
  <testcase name="VerifyShiptoDropdownValues" time="359.389" classname="com.pamperedchef.scripts.VerifyShiptoDropdown"/>
  <testcase name="VerifyShiptoDropdownValues" time="340.673" classname="com.pamperedchef.scripts.VerifyShiptoDropdown"/>
  <testcase name="VerifyShiptoDropdownValues" time="339.571" classname="com.pamperedchef.scripts.VerifyShiptoDropdown"/>
  <testcase name="VerifyShiptoDropdownValues" time="351.921" classname="com.pamperedchef.scripts.VerifyShiptoDropdown"/>
  <testcase name="VerifyShiptoDropdownValues" time="407.148" classname="com.pamperedchef.scripts.VerifyShiptoDropdown"/>
  <testcase name="VerifyShiptoDropdownValues" time="320.193" classname="com.pamperedchef.scripts.VerifyShiptoDropdown"/>
  <testcase name="VerifyShiptoDropdownValues" time="356.541" classname="com.pamperedchef.scripts.VerifyShiptoDropdown"/>
  <testcase name="VerifyShiptoDropdownValues" time="351.003" classname="com.pamperedchef.scripts.VerifyShiptoDropdown"/>
  <testcase name="VerifyShiptoDropdownValues" time="475.112" classname="com.pamperedchef.scripts.VerifyShiptoDropdown"/>
  <testcase name="VerifyShiptoDropdownValues" time="398.710" classname="com.pamperedchef.scripts.VerifyShiptoDropdown"/>
  <testcase name="VerifyShiptoDropdownValues" time="157.067" classname="com.pamperedchef.scripts.VerifyShiptoDropdown"/>
  <testcase name="VerifyShiptoDropdownValues" time="186.578" classname="com.pamperedchef.scripts.VerifyShiptoDropdown"/>
</testsuite> <!-- com.pamperedchef.scripts.VerifyShiptoDropdown -->
