<?xml version="1.0" encoding="UTF-8"?>
<!-- Generated by org.testng.reporters.JUnitReportReporter -->
<testsuite hostname="HW1562" name="com.Idexx.scripts.Leads" tests="110" failures="0" timestamp="10 Dec 2015 09:47:53 GMT" time="4061.360" errors="0">
  <testcase name="leadScoreStandadOutOfTheBoxinLeads" time="28.216" classname="com.Idexx.scripts.Leads"/>
  <testcase name="trackingWordOfMouthLeadSourceinLeads" time="35.631" classname="com.Idexx.scripts.Leads"/>
  <testcase name="trackingFaceToFaceChannelinLeads" time="36.049" classname="com.Idexx.scripts.Leads"/>
  <testcase name="CreatetaskOnLeadRecordinLeads" time="26.056" classname="com.Idexx.scripts.Leads"/>
  <testcase name="enteringLeadsNameinLeads" time="37.708" classname="com.Idexx.scripts.Leads"/>
  <testcase name="selectpurchasedListLeadSourceinLeads" time="31.612" classname="com.Idexx.scripts.Leads"/>
  <testcase name="verifyingAcademicInputAlignWithUMUCinLeads" time="25.981" classname="com.Idexx.scripts.Leads"/>
  <testcase name="creatingNewLeadRecordinLeads" time="66.633" classname="com.Idexx.scripts.Leads"/>
  <testcase name="cloningLeadsRecordsinLeads" time="49.966" classname="com.Idexx.scripts.Leads"/>
  <testcase name="B2BLeadsFrompastprograminLeads" time="30.508" classname="com.Idexx.scripts.Leads"/>
  <testcase name="verifyingCoBrandingAlignWithUMUCinLeads" time="25.915" classname="com.Idexx.scripts.Leads"/>
  <testcase name="modifyingLeadsRecordinLeads" time="42.297" classname="com.Idexx.scripts.Leads"/>
  <testcase name="trackingPhoneChannelinLeads" time="49.842" classname="com.Idexx.scripts.Leads"/>
  <testcase name="cloningLeadsRecordsinLeads" time="62.928" classname="com.Idexx.scripts.Leads"/>
  <testcase name="trackingPublicRelationsLeadSourceinLeads" time="36.725" classname="com.Idexx.scripts.Leads"/>
  <testcase name="verifyingManagerLogininLeads" time="49.196" classname="com.Idexx.scripts.Leads"/>
  <testcase name="convertingExistingLeadRecordToAcccountsOppAndContactsinLeads" time="57.671" classname="com.Idexx.scripts.Leads"/>
  <testcase name="verifyLeadScoreinLeads" time="39.701" classname="com.Idexx.scripts.Leads"/>
  <testcase name="B2BLeadsFrompastprograminLeads" time="23.768" classname="com.Idexx.scripts.Leads"/>
  <testcase name="transferringOwnershipToOtherGroupinLeads" time="36.748" classname="com.Idexx.scripts.Leads"/>
  <testcase name="trackEmailAddressinLeads" time="46.990" classname="com.Idexx.scripts.Leads"/>
  <testcase name="verifyingReasonEmployeeBenefitLeadsAlignWithUMUCinLeads" time="53.711" classname="com.Idexx.scripts.Leads"/>
  <testcase name="trackingAdvertisementLeadSourceinLeads" time="36.516" classname="com.Idexx.scripts.Leads"/>
  <testcase name="verifyingErrorMessageinLeads" time="32.252" classname="com.Idexx.scripts.Leads"/>
  <testcase name="selectOtherLeadSourceinLeads" time="37.928" classname="com.Idexx.scripts.Leads"/>
  <testcase name="creatingNewLeadRecordinLeads" time="75.539" classname="com.Idexx.scripts.Leads"/>
  <testcase name="verifyingFundRaisingAlignWithUMUCinLeads" time="26.397" classname="com.Idexx.scripts.Leads"/>
  <testcase name="verifyingLeadsByScoreAndBusinessGroupinLeads" time="29.171" classname="com.Idexx.scripts.Leads"/>
  <testcase name="trackingEmailChannelinLeads" time="47.791" classname="com.Idexx.scripts.Leads"/>
  <testcase name="trackLeadSourceinLeads" time="37.640" classname="com.Idexx.scripts.Leads"/>
  <testcase name="verifyingFundRaisingAlignWithUMUCinLeads" time="29.355" classname="com.Idexx.scripts.Leads"/>
  <testcase name="uploadingbulkleadsinLeads" time="23.700" classname="com.Idexx.scripts.Leads"/>
  <testcase name="enteringLeadsNameinLeads" time="41.756" classname="com.Idexx.scripts.Leads"/>
  <testcase name="trackingFaceToFaceChannelinLeads" time="30.258" classname="com.Idexx.scripts.Leads"/>
  <testcase name="selectWebLeadSourceinLeads" time="43.331" classname="com.Idexx.scripts.Leads"/>
  <testcase name="selectpartnerReferralLeadSourceinLeads" time="37.748" classname="com.Idexx.scripts.Leads"/>
  <testcase name="leadScoreStandadOutOfTheBoxinLeads" time="25.767" classname="com.Idexx.scripts.Leads"/>
  <testcase name="transferringOwnershipToOtherGroupinLeads" time="30.270" classname="com.Idexx.scripts.Leads"/>
  <testcase name="creatingNewLeadWithSalutationinLeads" time="50.694" classname="com.Idexx.scripts.Leads"/>
  <testcase name="viewingAllRecordsinLeads" time="28.748" classname="com.Idexx.scripts.Leads"/>
  <testcase name="verifyingReasonCareerServicesAlignWithUMUCinLeads" time="29.209" classname="com.Idexx.scripts.Leads"/>
  <testcase name="trackPhoneNumberinLeads" time="46.160" classname="com.Idexx.scripts.Leads"/>
  <testcase name="trackingSeminarLeadSourceinLeads" time="35.312" classname="com.Idexx.scripts.Leads"/>
  <testcase name="trackingWebChannelinLeads" time="53.471" classname="com.Idexx.scripts.Leads"/>
  <testcase name="enteringPotentialLeadsinLeads" time="28.008" classname="com.Idexx.scripts.Leads"/>
  <testcase name="NotAbleToCreateLeadsRecordinLeads" time="30.976" classname="com.Idexx.scripts.Leads"/>
  <testcase name="selectWebLeadSourceinLeads" time="37.430" classname="com.Idexx.scripts.Leads"/>
  <testcase name="verifyingReasonCareerServicesAlignWithUMUCinLeads" time="25.926" classname="com.Idexx.scripts.Leads"/>
  <testcase name="verifyingManagerLogininLeads" time="43.864" classname="com.Idexx.scripts.Leads"/>
  <testcase name="verifyingLeadAsUMUCAlumnusNewLeadsRecordinLeads" time="28.043" classname="com.Idexx.scripts.Leads"/>
  <testcase name="creatingNewLeadWithSalutationinLeads" time="43.947" classname="com.Idexx.scripts.Leads"/>
  <testcase name="verifyingLeadAsUMUCAlumnusExistingLeadsRecordinLeads" time="31.628" classname="com.Idexx.scripts.Leads"/>
  <testcase name="leadMovingFromTargetToEngageinLeads" time="26.049" classname="com.Idexx.scripts.Leads"/>
  <testcase name="verifyingLeadershipAndProfessionalDevelopmentAlignWithUMUCinLeads" time="28.398" classname="com.Idexx.scripts.Leads"/>
  <testcase name="selectpartnerReferralLeadSourceinLeads" time="43.663" classname="com.Idexx.scripts.Leads"/>
  <testcase name="convertingNewLeadRecordToAcccountsOppAndContactsinLeads" time="56.694" classname="com.Idexx.scripts.Leads"/>
  <testcase name="verifyingLeadScoreinLeads" time="38.078" classname="com.Idexx.scripts.Leads"/>
  <testcase name="verifyingCentreForCreativeLeadershipinLeads" time="29.295" classname="com.Idexx.scripts.Leads"/>
  <testcase name="verifyingCentreForCreativeLeadershipinLeads" time="25.815" classname="com.Idexx.scripts.Leads"/>
  <testcase name="trackingEmailChannelinLeads" time="53.922" classname="com.Idexx.scripts.Leads"/>
  <testcase name="trackingPublicRelationsLeadSourceinLeads" time="30.206" classname="com.Idexx.scripts.Leads"/>
  <testcase name="CreatetaskOnLeadRecordinLeads" time="23.815" classname="com.Idexx.scripts.Leads"/>
  <testcase name="convertingNewLeadRecordToAcccountsOppAndContactsinLeads" time="64.837" classname="com.Idexx.scripts.Leads"/>
  <testcase name="phoneInquiryLeadSourceinLeads" time="37.269" classname="com.Idexx.scripts.Leads"/>
  <testcase name="verifyLeadScoreinLeads" time="35.580" classname="com.Idexx.scripts.Leads"/>
  <testcase name="selectOtherLeadSourceinLeads" time="44.521" classname="com.Idexx.scripts.Leads"/>
  <testcase name="trackingCenterForCreativeLeadershipLeadSourceinLeads" time="34.822" classname="com.Idexx.scripts.Leads"/>
  <testcase name="NotAbleToCreateLeadsRecordinLeads" time="40.310" classname="com.Idexx.scripts.Leads"/>
  <testcase name="verifyingLeadershipAndProfessionalDevelopmentAlignWithUMUCinLeads" time="25.901" classname="com.Idexx.scripts.Leads"/>
  <testcase name="creatingNewLeadSaveAndNewinLeads" time="43.686" classname="com.Idexx.scripts.Leads"/>
  <testcase name="noleadConnectioninLeads" time="28.752" classname="com.Idexx.scripts.Leads"/>
  <testcase name="trackingBusinessGroupinLeads" time="29.168" classname="com.Idexx.scripts.Leads"/>
  <testcase name="trackingSeminarLeadSourceinLeads" time="30.180" classname="com.Idexx.scripts.Leads"/>
  <testcase name="verifyingLeadAsUMUCAlumnusNewLeadsRecordinLeads" time="32.359" classname="com.Idexx.scripts.Leads"/>
  <testcase name="verifyingReasonLeadsAlignWithUMUCinLeads" time="25.355" classname="com.Idexx.scripts.Leads"/>
  <testcase name="trackingWebChannelinLeads" time="47.496" classname="com.Idexx.scripts.Leads"/>
  <testcase name="verifyingReasonDegreeCompletionLeadsAlignWithUMUCinLeads" time="29.091" classname="com.Idexx.scripts.Leads"/>
  <testcase name="LeadsProgramEnrollmentinLeads" time="25.941" classname="com.Idexx.scripts.Leads"/>
  <testcase name="verifyingCoBrandingAlignWithUMUCinLeads" time="30.545" classname="com.Idexx.scripts.Leads"/>
  <testcase name="trackPhoneNumberinLeads" time="41.432" classname="com.Idexx.scripts.Leads"/>
  <testcase name="viewingAllRecordsinLeads" time="25.969" classname="com.Idexx.scripts.Leads"/>
  <testcase name="trackingPhoneChannelinLeads" time="45.295" classname="com.Idexx.scripts.Leads"/>
  <testcase name="creatingNewLeadSaveAndNewinLeads" time="50.055" classname="com.Idexx.scripts.Leads"/>
  <testcase name="verifyingReasonLeadsAlignWithUMUCinLeads" time="29.417" classname="com.Idexx.scripts.Leads"/>
  <testcase name="verifyingLeadScoreinLeads" time="35.802" classname="com.Idexx.scripts.Leads"/>
  <testcase name="verifyingReasonEmployeeBenefitLeadsAlignWithUMUCinLeads" time="25.907" classname="com.Idexx.scripts.Leads"/>
  <testcase name="verifyingLeadAsUMUCAlumnusExistingLeadsRecordinLeads" time="28.048" classname="com.Idexx.scripts.Leads"/>
  <testcase name="verifyingLeadsByScoreAndBusinessGroupinLeads" time="25.951" classname="com.Idexx.scripts.Leads"/>
  <testcase name="verifyingReasonDegreeCompletionLeadsAlignWithUMUCinLeads" time="26.112" classname="com.Idexx.scripts.Leads"/>
  <testcase name="transferringOwnershipToAnotherUserinLeads" time="30.145" classname="com.Idexx.scripts.Leads"/>
  <testcase name="convertingExistingLeadRecordToAcccountsOppAndContactsinLeads" time="62.782" classname="com.Idexx.scripts.Leads"/>
  <testcase name="trackLeadSourceinLeads" time="43.075" classname="com.Idexx.scripts.Leads"/>
  <testcase name="verifyingAcademicInputAlignWithUMUCinLeads" time="28.908" classname="com.Idexx.scripts.Leads"/>
  <testcase name="phoneInquiryLeadSourceinLeads" time="43.658" classname="com.Idexx.scripts.Leads"/>
  <testcase name="trackEmailAddressinLeads" time="41.199" classname="com.Idexx.scripts.Leads"/>
  <testcase name="trackingBusinessGroupinLeads" time="26.062" classname="com.Idexx.scripts.Leads"/>
  <testcase name="transferringOwnershipToAnotherUserinLeads" time="36.122" classname="com.Idexx.scripts.Leads"/>
  <testcase name="modifyingLeadsRecordinLeads" time="48.739" classname="com.Idexx.scripts.Leads"/>
  <testcase name="trackingWordOfMouthLeadSourceinLeads" time="30.139" classname="com.Idexx.scripts.Leads"/>
  <testcase name="uploadingbulkleadsinLeads" time="25.661" classname="com.Idexx.scripts.Leads"/>
  <testcase name="noleadConnectioninLeads" time="25.911" classname="com.Idexx.scripts.Leads"/>
  <testcase name="trackingAdvertisementLeadSourceinLeads" time="30.285" classname="com.Idexx.scripts.Leads"/>
  <testcase name="enteringPotentialLeadsinLeads" time="25.985" classname="com.Idexx.scripts.Leads"/>
  <testcase name="verifyingErrorMessageinLeads" time="37.389" classname="com.Idexx.scripts.Leads"/>
  <testcase name="trackingCenterForCreativeLeadershipLeadSourceinLeads" time="30.177" classname="com.Idexx.scripts.Leads"/>
  <testcase name="leadMovingFromTargetToEngageinLeads" time="29.359" classname="com.Idexx.scripts.Leads"/>
  <testcase name="LeadsProgramEnrollmentinLeads" time="23.716" classname="com.Idexx.scripts.Leads"/>
  <testcase name="trackPhysicalAddressinLeads" time="60.214" classname="com.Idexx.scripts.Leads"/>
  <testcase name="trackPhysicalAddressinLeads" time="56.193" classname="com.Idexx.scripts.Leads"/>
  <testcase name="selectpurchasedListLeadSourceinLeads" time="37.218" classname="com.Idexx.scripts.Leads"/>
</testsuite> <!-- com.Idexxpts.Leads -->
