<?xml version="1.0" encoding="UTF-8"?>
<!-- Generated by org.testng.reporters.JUnitReportReporter -->
<testsuite hostname="HW1937" name="com.appium.project.businesslogic.Test1" tests="2" failures="0" timestamp="28 Aug 2015 05:56:52 GMT" time="4.201" errors="0">
  <testcase name="test2" time="1.520" classname="com.appium.project.businesslogic.Test1"/>
  <testcase name="test" time="2.681" classname="com.appium.project.businesslogic.Test1"/>
</testsuite> <!-- com.appium.project.businesslogic.Test1 -->
