<?xml version="1.0" encoding="UTF-8"?>
<!-- Generated by org.testng.reporters.JUnitReportReporter -->
<testsuite hostname="HW1386" name="com.pamperedchef.scripts.AddproducttoBasket" tests="14" failures="0" timestamp="8 Sep 2015 09:56:10 GMT" time="4026.309" errors="0">
  <testcase name="Add_Product_To_Basket" time="79.034" classname="com.pamperedchef.scripts.AddproducttoBasket"/>
  <testcase name="Add_Product_To_Basket" time="109.915" classname="com.pamperedchef.scripts.AddproducttoBasket"/>
  <testcase name="Add_Product_To_Basket" time="301.275" classname="com.pamperedchef.scripts.AddproducttoBasket"/>
  <testcase name="Add_Product_To_Basket" time="87.172" classname="com.pamperedchef.scripts.AddproducttoBasket"/>
  <testcase name="Add_Product_To_Basket" time="365.907" classname="com.pamperedchef.scripts.AddproducttoBasket"/>
  <testcase name="Add_Product_To_Basket" time="312.406" classname="com.pamperedchef.scripts.AddproducttoBasket"/>
  <testcase name="Add_Product_To_Basket" time="339.701" classname="com.pamperedchef.scripts.AddproducttoBasket"/>
  <testcase name="Add_Product_To_Basket" time="286.130" classname="com.pamperedchef.scripts.AddproducttoBasket"/>
  <testcase name="Add_Product_To_Basket" time="393.998" classname="com.pamperedchef.scripts.AddproducttoBasket"/>
  <testcase name="Add_Product_To_Basket" time="328.763" classname="com.pamperedchef.scripts.AddproducttoBasket"/>
  <testcase name="Add_Product_To_Basket" time="299.535" classname="com.pamperedchef.scripts.AddproducttoBasket"/>
  <testcase name="Add_Product_To_Basket" time="364.755" classname="com.pamperedchef.scripts.AddproducttoBasket"/>
  <testcase name="Add_Product_To_Basket" time="389.463" classname="com.pamperedchef.scripts.AddproducttoBasket"/>
  <testcase name="Add_Product_To_Basket" time="368.255" classname="com.pamperedchef.scripts.AddproducttoBasket"/>
</testsuite> <!-- com.pamperedchef.scripts.AddproducttoBasket -->
