<?xml version="1.0" encoding="UTF-8"?>
<!-- Generated by org.testng.reporters.JUnitReportReporter -->
<testsuite hostname="HW1937" name="com.appium.project.scripts.TestTaylorMadeWeb" tests="4" failures="0" timestamp="16 Aug 2015 10:43:51 GMT" time="266.694" errors="0">
  <testcase name="OrderingOfProducts" time="77.293" classname="com.appium.project.scripts.TestTaylorMadeWeb"/>
  <testcase name="verifyPageTitle" time="7.998" classname="com.appium.project.scripts.TestTaylorMadeWeb"/>
  <testcase name="OrderingOfProducts" time="62.732" classname="com.appium.project.scripts.TestTaylorMadeWeb"/>
  <testcase name="verifyPageTitle" time="118.671" classname="com.appium.project.scripts.TestTaylorMadeWeb"/>
</testsuite> <!-- com.appium.project.scripts.TestTaylorMadeWeb -->
