<?xml version="1.0" encoding="UTF-8"?>
<!-- Generated by org.testng.reporters.JUnitReportReporter -->
<testsuite hostname="HW0990" name="com.pamperedchef.scripts.Sbaddtocart" tests="1" failures="0" timestamp="12 Nov 2015 07:28:30 GMT" time="13.561" errors="0">
  <testcase name="Sbaddtocartverification" time="13.561" classname="com.pamperedchef.scripts.Sbaddtocart"/>
</testsuite> <!-- com.pamperedchef.scripts.Sbaddtocart -->
