<?xml version="1.0" encoding="UTF-8"?>
<!-- Generated by org.testng.reporters.JUnitReportReporter -->
<testsuite hostname="WIN-PBVU1D92USF" name="com.Idexx.scripts.Login" tests="1" failures="0" timestamp="22 Feb 2016 12:12:56 GMT" time="52.545" errors="0">
  <testcase name="TestLogin" time="52.545" classname="com.Idexx.scripts.Login"/>
</testsuite> <!-- com.Idexxpts.Login -->
