<?xml version="1.0" encoding="UTF-8"?>
<!-- Generated by org.testng.reporters.JUnitReportReporter -->
<testsuite hostname="WIN-PBVU1D92USF" name="com.Idexx.scripts.AccountsPageScript" tests="7" failures="0" timestamp="11 Jan 2016 07:16:07 GMT" time="736.760" errors="0">
  <testcase name="TestCreateContactForAnAccount" time="127.427" classname="com.Idexx.scripts.AccountsPageScript"/>
  <testcase name="Test360viewofaccount" time="93.929" classname="com.Idexx.scripts.AccountsPageScript"/>
  <testcase name="TestViewCompetitorProducts" time="93.038" classname="com.Idexx.scripts.AccountsPageScript"/>
  <testcase name="TestViewHierarchy" time="104.986" classname="com.Idexx.scripts.AccountsPageScript"/>
  <testcase name="TestViewAndEditMyAccounts" time="90.543" classname="com.Idexx.scripts.AccountsPageScript"/>
  <testcase name="TestViewExistingAccount" time="80.301" classname="com.Idexx.scripts.AccountsPageScript"/>
  <testcase name="TestCreateNewAccount" time="146.536" classname="com.Idexx.scripts.AccountsPageScript"/>
</testsuite> <!-- com.Idexxpts.AccountsPageScript -->
