<?xml version="1.0" encoding="UTF-8"?>
<!-- Generated by org.testng.reporters.JUnitReportReporter -->
<testsuite hostname="HW0990" name="com.pamperedchef.scripts.Paymentoptionsverfication" tests="1" failures="0" timestamp="16 Sep 2015 10:54:30 GMT" time="483.293" errors="0">
  <testcase name="PaymentOptinsVerfication" time="483.293" classname="com.pamperedchef.scripts.Paymentoptionsverfication"/>
</testsuite> <!-- com.pamperedchef.scripts.Paymentoptionsverfication -->
