<?xml version="1.0" encoding="UTF-8"?>
<!-- Generated by org.testng.reporters.JUnitReportReporter -->
<testsuite hostname="HW0990" name="com.shoebuy.scripts.Sbaddtocart" tests="2" failures="0" timestamp="19 Nov 2015 10:04:06 GMT" time="439.118" errors="0">
  <testcase name="Sbaddtocartverification" time="144.901" classname="com.shoebuy.scripts.Sbaddtocart"/>
  <testcase name="Sbaddtocartverification" time="294.217" classname="com.shoebuy.scripts.Sbaddtocart"/>
</testsuite> <!-- com.shoebuy.scripts.Sbaddtocart -->
