<?xml version="1.0" encoding="UTF-8"?>
<!-- Generated by org.testng.reporters.JUnitReportReporter -->
<testsuite hostname="WIN-PBVU1D92USF" name="com.Idexx.scripts.Activity" tests="8" failures="0" timestamp="22 Feb 2016 12:12:56 GMT" time="2089.983" errors="0">
  <testcase name="CreateActivityFromOpportunity" time="123.837" classname="com.Idexx.scripts.Activity"/>
  <testcase name="DifferentiationBetweenActivityAndTask" time="280.979" classname="com.Idexx.scripts.Activity"/>
  <testcase name="CreateActivityFromContact" time="293.353" classname="com.Idexx.scripts.Activity"/>
  <testcase name="CreateSalesandSupportTask" time="348.785" classname="com.Idexx.scripts.Activity"/>
  <testcase name="CreateSalesandSupportTaskOpportunity" time="241.513" classname="com.Idexx.scripts.Activity"/>
  <testcase name="CreateSalesandSupportTaskContact" time="213.197" classname="com.Idexx.scripts.Activity"/>
  <testcase name="CreateSalesandSupportTaskMultipleContact" time="307.304" classname="com.Idexx.scripts.Activity"/>
  <testcase name="CreateActivityFromAccounts" time="281.015" classname="com.Idexx.scripts.Activity"/>
</testsuite> <!-- com.Idexxpts.Activity -->
