<?xml version="1.0" encoding="UTF-8"?>
<!-- Generated by org.testng.reporters.JUnitReportReporter -->
<testsuite hostname="VBEHL-W7" name="com.SalesForce.scripts.Contacts" tests="74" failures="0" timestamp="12 May 2017 09:44:20 GMT" time="1719.950" errors="0">
  <testcase name="TestCreateUser" time="20.221" classname="com.SalesForce.scripts.Contacts"/>
  <testcase name="TestCreateUser" time="19.957" classname="com.SalesForce.scripts.Contacts"/>
  <testcase name="TestCreateUser" time="20.298" classname="com.SalesForce.scripts.Contacts"/>
  <testcase name="TestCreateUser" time="17.947" classname="com.SalesForce.scripts.Contacts"/>
  <testcase name="TestCreateUser" time="21.749" classname="com.SalesForce.scripts.Contacts"/>
  <testcase name="TestCreateUser" time="21.261" classname="com.SalesForce.scripts.Contacts"/>
  <testcase name="TestCreateUser" time="20.393" classname="com.SalesForce.scripts.Contacts"/>
  <testcase name="TestCreateUser" time="20.405" classname="com.SalesForce.scripts.Contacts"/>
  <testcase name="TestCreateUser" time="20.771" classname="com.SalesForce.scripts.Contacts"/>
  <testcase name="TestCreateUser" time="19.545" classname="com.SalesForce.scripts.Contacts"/>
  <testcase name="TestCreateUser" time="18.552" classname="com.SalesForce.scripts.Contacts"/>
  <testcase name="TestCreateUser" time="20.662" classname="com.SalesForce.scripts.Contacts"/>
  <testcase name="TestCreateUser" time="20.048" classname="com.SalesForce.scripts.Contacts"/>
  <testcase name="TestCreateUser" time="20.000" classname="com.SalesForce.scripts.Contacts"/>
  <testcase name="TestCreateContact" time="184.143" classname="com.SalesForce.scripts.Contacts"/>
  <testcase name="TestCreateUser" time="21.318" classname="com.SalesForce.scripts.Contacts"/>
  <testcase name="TestCreateUser" time="20.266" classname="com.SalesForce.scripts.Contacts"/>
  <testcase name="TestCreateUser" time="19.947" classname="com.SalesForce.scripts.Contacts"/>
  <testcase name="TestCreateUser" time="20.155" classname="com.SalesForce.scripts.Contacts"/>
  <testcase name="TestCreateUser" time="19.319" classname="com.SalesForce.scripts.Contacts"/>
  <testcase name="TestCreateUser" time="21.365" classname="com.SalesForce.scripts.Contacts"/>
  <testcase name="TestCreateUser" time="19.350" classname="com.SalesForce.scripts.Contacts"/>
  <testcase name="TestCreateUser" time="18.503" classname="com.SalesForce.scripts.Contacts"/>
  <testcase name="TestCreateUser" time="20.159" classname="com.SalesForce.scripts.Contacts"/>
  <testcase name="TestCreateUser" time="19.637" classname="com.SalesForce.scripts.Contacts"/>
  <testcase name="TestCreateUser" time="20.572" classname="com.SalesForce.scripts.Contacts"/>
  <testcase name="TestCreateUser" time="12.239" classname="com.SalesForce.scripts.Contacts"/>
  <testcase name="TestViewAllContacts" time="35.028" classname="com.SalesForce.scripts.Contacts"/>
  <testcase name="TestCreateUser" time="19.744" classname="com.SalesForce.scripts.Contacts"/>
  <testcase name="TestCreateUser" time="20.306" classname="com.SalesForce.scripts.Contacts"/>
  <testcase name="TestCreateUser" time="19.335" classname="com.SalesForce.scripts.Contacts"/>
  <testcase name="TestCreateUser" time="19.630" classname="com.SalesForce.scripts.Contacts"/>
  <testcase name="TestCreateUser" time="20.327" classname="com.SalesForce.scripts.Contacts"/>
  <testcase name="TestCreateUser" time="17.900" classname="com.SalesForce.scripts.Contacts"/>
  <testcase name="TestLinkContactWithMultipleAccounts" time="68.582" classname="com.SalesForce.scripts.Contacts"/>
  <testcase name="TestCreateDuplicateContact" time="54.879" classname="com.SalesForce.scripts.Contacts"/>
  <testcase name="TestCreateUser" time="19.011" classname="com.SalesForce.scripts.Contacts"/>
  <testcase name="TestCreateUser" time="20.175" classname="com.SalesForce.scripts.Contacts"/>
  <testcase name="TestCreateUser" time="20.543" classname="com.SalesForce.scripts.Contacts"/>
  <testcase name="TestCreateUser" time="16.975" classname="com.SalesForce.scripts.Contacts"/>
  <testcase name="TestCreateUser" time="17.365" classname="com.SalesForce.scripts.Contacts"/>
  <testcase name="TestCreateUser" time="20.935" classname="com.SalesForce.scripts.Contacts"/>
  <testcase name="TestCreateUser" time="18.532" classname="com.SalesForce.scripts.Contacts"/>
  <testcase name="TestCreateUser" time="20.967" classname="com.SalesForce.scripts.Contacts"/>
  <testcase name="TestCreateUser" time="19.942" classname="com.SalesForce.scripts.Contacts"/>
  <testcase name="TestCreateUser" time="20.670" classname="com.SalesForce.scripts.Contacts"/>
  <testcase name="TestCreateUser" time="19.006" classname="com.SalesForce.scripts.Contacts"/>
  <testcase name="TestCreateUser" time="20.396" classname="com.SalesForce.scripts.Contacts"/>
  <testcase name="TestCreateUser" time="20.185" classname="com.SalesForce.scripts.Contacts"/>
  <testcase name="TestCreateUser" time="16.078" classname="com.SalesForce.scripts.Contacts"/>
  <testcase name="TestCreateUser" time="20.140" classname="com.SalesForce.scripts.Contacts"/>
  <testcase name="TestCreateUser" time="20.123" classname="com.SalesForce.scripts.Contacts"/>
  <testcase name="TestCreateUser" time="19.790" classname="com.SalesForce.scripts.Contacts"/>
  <testcase name="TestCreateUser" time="20.663" classname="com.SalesForce.scripts.Contacts"/>
  <testcase name="TestCreateUser" time="19.924" classname="com.SalesForce.scripts.Contacts"/>
  <testcase name="TestCreateUser" time="20.650" classname="com.SalesForce.scripts.Contacts"/>
  <testcase name="TestCreateUser" time="20.064" classname="com.SalesForce.scripts.Contacts"/>
  <testcase name="TestCreateUser" time="20.955" classname="com.SalesForce.scripts.Contacts"/>
  <testcase name="TestCreateUser" time="19.063" classname="com.SalesForce.scripts.Contacts"/>
  <testcase name="TestCreateUser" time="20.054" classname="com.SalesForce.scripts.Contacts"/>
  <testcase name="TestCreateUser" time="20.173" classname="com.SalesForce.scripts.Contacts"/>
  <testcase name="TestCreateUser" time="20.245" classname="com.SalesForce.scripts.Contacts"/>
  <testcase name="TestCreateUser" time="20.530" classname="com.SalesForce.scripts.Contacts"/>
  <testcase name="TestCreateUser" time="21.341" classname="com.SalesForce.scripts.Contacts"/>
  <testcase name="TestCreateUser" time="17.888" classname="com.SalesForce.scripts.Contacts"/>
  <testcase name="TestCreateUser" time="20.360" classname="com.SalesForce.scripts.Contacts"/>
  <testcase name="TestCreateUser" time="17.703" classname="com.SalesForce.scripts.Contacts"/>
  <testcase name="TestCreateUser" time="20.165" classname="com.SalesForce.scripts.Contacts"/>
  <testcase name="TestCreateUser" time="16.032" classname="com.SalesForce.scripts.Contacts"/>
  <testcase name="TestCreateUser" time="20.076" classname="com.SalesForce.scripts.Contacts"/>
  <testcase name="TestCreateUser" time="21.010" classname="com.SalesForce.scripts.Contacts"/>
  <testcase name="TestCreateUser" time="19.630" classname="com.SalesForce.scripts.Contacts"/>
  <testcase name="TestCreateUser" time="17.908" classname="com.SalesForce.scripts.Contacts"/>
  <testcase name="TestCreateUser" time="20.170" classname="com.SalesForce.scripts.Contacts"/>
</testsuite> <!-- com.SalesForce.scripts.Contacts -->
